<?xml version="1.0" encoding="UTF-8" ?>
<testsuite tests="2" failures="0" name="com.pcwk.ehr.aspectj.AspectJPerformTest" time="0.172" errors="1" skipped="0">
  <properties>
[...]
</properties>
  <testcase classname="com.pcwk.ehr.aspectj.AspectJPerformTest" name="aspectBefore" time="0.168">
    <error type="java.lang.NullPointerException">java.lang.NullPointerException
	at com.pcwk.ehr.aspect.PerformanceAroundAdvice.saveLogToDatabase(PerformanceAroundAdvice.java:73)
	at com.pcwk.ehr.aspect.PerformanceAroundAdvice.performanceAdvice(PerformanceAroundAdvice.java:50)
	at sun.reflect.NativeMethodAccessorImpl.invoke0(Native Method)
	at sun.reflect.NativeMethodAccessorImpl.invoke(Unknown Source)
	at sun.reflect.DelegatingMethodAccessorImpl.invoke(Unknown Source)
	at java.lang.reflect.Method.invoke(Unknown Source)
	at org.springframework.aop.aspectj.AbstractAspectJAdvice.invokeAdviceMethodWithGivenArgs(AbstractAspectJAdvice.java:634)
	at org.springframework.aop.aspectj.AbstractAspectJAdvice.invokeAdviceMethod(AbstractAspectJAdvice.java:624)
	at org.springframework.aop.aspectj.AspectJAroundAdvice.invoke(AspectJAroundAdvice.java:72)
	at org.springframework.aop.framework.ReflectiveMethodInvocation.proceed(ReflectiveMethodInvocation.java:186)
	at org.springframework.aop.interceptor.ExposeInvocationInterceptor.invoke(ExposeInvocationInterceptor.java:97)
	at org.springframework.aop.framework.ReflectiveMethodInvocation.proceed(ReflectiveMethodInvocation.java:186)
	at org.springframework.aop.framework.JdkDynamicAopProxy.invoke(JdkDynamicAopProxy.java:220)
	at com.sun.proxy.$Proxy34.doSave(Unknown Source)
	at com.pcwk.ehr.aspectj.AspectJPerformTest.aspectBefore(AspectJPerformTest.java:35)
	at sun.reflect.NativeMethodAccessorImpl.invoke0(Native Method)
	at sun.reflect.NativeMethodAccessorImpl.invoke(Unknown Source)
	at sun.reflect.DelegatingMethodAccessorImpl.invoke(Unknown Source)
	at java.lang.reflect.Method.invoke(Unknown Source)
	at org.junit.runners.model.FrameworkMethod$1.runReflectiveCall(FrameworkMethod.java:59)
	at org.junit.internal.runners.model.ReflectiveCallable.run(ReflectiveCallable.java:12)
	at org.junit.runners.model.FrameworkMethod.invokeExplosively(FrameworkMethod.java:56)
	at org.junit.internal.runners.statements.InvokeMethod.evaluate(InvokeMethod.java:17)
	at org.springframework.test.context.junit4.statements.RunBeforeTestExecutionCallbacks.evaluate(RunBeforeTestExecutionCallbacks.java:74)
	at org.springframework.test.context.junit4.statements.RunAfterTestExecutionCallbacks.evaluate(RunAfterTestExecutionCallbacks.java:84)
	at org.junit.internal.runners.statements.RunBefores.evaluate(RunBefores.java:26)
	at org.springframework.test.context.junit4.statements.RunBeforeTestMethodCallbacks.evaluate(RunBeforeTestMethodCallbacks.java:75)
	at org.springframework.test.context.junit4.statements.RunAfterTestMethodCallbacks.evaluate(RunAfterTestMethodCallbacks.java:86)
	at org.springframework.test.context.junit4.statements.SpringRepeat.evaluate(SpringRepeat.java:84)
	at org.junit.runners.ParentRunner.runLeaf(ParentRunner.java:366)
	at org.springframework.test.context.junit4.SpringJUnit4ClassRunner.runChild(SpringJUnit4ClassRunner.java:251)
	at org.springframework.test.context.junit4.SpringJUnit4ClassRunner.runChild(SpringJUnit4ClassRunner.java:97)
	at org.junit.runners.ParentRunner$4.run(ParentRunner.java:331)
	at org.junit.runners.ParentRunner$1.schedule(ParentRunner.java:79)
	at org.junit.runners.ParentRunner.runChildren(ParentRunner.java:329)
	at org.junit.runners.ParentRunner.access$100(ParentRunner.java:66)
	at org.junit.runners.ParentRunner$2.evaluate(ParentRunner.java:293)
	at org.springframework.test.context.junit4.statements.RunBeforeTestClassCallbacks.evaluate(RunBeforeTestClassCallbacks.java:61)
	at org.springframework.test.context.junit4.statements.RunAfterTestClassCallbacks.evaluate(RunAfterTestClassCallbacks.java:70)
	at org.junit.runners.ParentRunner$3.evaluate(ParentRunner.java:306)
	at org.junit.runners.ParentRunner.run(ParentRunner.java:413)
	at org.springframework.test.context.junit4.SpringJUnit4ClassRunner.run(SpringJUnit4ClassRunner.java:190)
	at org.apache.maven.surefire.junit4.JUnit4Provider.execute(JUnit4Provider.java:252)
	at org.apache.maven.surefire.junit4.JUnit4Provider.executeTestSet(JUnit4Provider.java:141)
	at org.apache.maven.surefire.junit4.JUnit4Provider.invoke(JUnit4Provider.java:112)
	at sun.reflect.NativeMethodAccessorImpl.invoke0(Native Method)
	at sun.reflect.NativeMethodAccessorImpl.invoke(Unknown Source)
	at sun.reflect.DelegatingMethodAccessorImpl.invoke(Unknown Source)
	at java.lang.reflect.Method.invoke(Unknown Source)
	at org.apache.maven.surefire.util.ReflectionUtils.invokeMethodWithArray(ReflectionUtils.java:189)
	at org.apache.maven.surefire.booter.ProviderFactory$ProviderProxy.invoke(ProviderFactory.java:165)
	at org.apache.maven.surefire.booter.ProviderFactory.invokeProvider(ProviderFactory.java:85)
	at org.apache.maven.surefire.booter.ForkedBooter.runSuitesInProcess(ForkedBooter.java:115)
	at org.apache.maven.surefire.booter.ForkedBooter.main(ForkedBooter.java:75)
</error>
    <system-out>[20230619 11:40:15] DEBUG DefaultCacheAwareContextLoaderDelegate.loadContext(DefaultCacheAwareContextLoaderDelegate.java:103) - Retrieved ApplicationContext [1670993182] from cache with key [[MergedContextConfiguration@79351f41 testClass = AspectJBeforeTest, locations = &apos;{classpath:/com/pcwk/ehr/aspectj/AspectJ_before_applicationContext.xml}&apos;, classes = &apos;{}&apos;, contextInitializerClasses = &apos;[]&apos;, activeProfiles = &apos;{}&apos;, propertySourceLocations = &apos;{}&apos;, propertySourceProperties = &apos;{}&apos;, contextCustomizers = set[[empty]], contextLoader = &apos;org.springframework.test.context.support.DelegatingSmartContextLoader&apos;, parent = [null]]]
[20230619 11:40:15] DEBUG DefaultContextCache.logStatistics(DefaultContextCache.java:290) - Spring test ApplicationContext cache statistics: [DefaultContextCache@12f9af83 size = 3, maxSize = 32, parentContextCount = 0, hitCount = 18, missCount = 3]
[20230619 11:40:15] DEBUG AbstractDirtiesContextTestExecutionListener.beforeOrAfterTestClass(AbstractDirtiesContextTestExecutionListener.java:143) - After test class: context [DefaultTestContext@6fe1b4fb testClass = AspectJBeforeTest, testInstance = [null], testMethod = [null], testException = [null], mergedContextConfiguration = [MergedContextConfiguration@79351f41 testClass = AspectJBeforeTest, locations = &apos;{classpath:/com/pcwk/ehr/aspectj/AspectJ_before_applicationContext.xml}&apos;, classes = &apos;{}&apos;, contextInitializerClasses = &apos;[]&apos;, activeProfiles = &apos;{}&apos;, propertySourceLocations = &apos;{}&apos;, propertySourceProperties = &apos;{}&apos;, contextCustomizers = set[[empty]], contextLoader = &apos;org.springframework.test.context.support.DelegatingSmartContextLoader&apos;, parent = [null]], attributes = map[&apos;org.springframework.test.context.event.ApplicationEventsTestExecutionListener.recordApplicationEvents&apos; -&gt; false]], class annotated with @DirtiesContext [false] with mode [null].
[20230619 11:40:15] DEBUG SpringJUnit4ClassRunner.&lt;init&gt;(SpringJUnit4ClassRunner.java:139) - SpringJUnit4ClassRunner constructor called with [class com.pcwk.ehr.aspectj.AspectJPerformTest]
[20230619 11:40:15] DEBUG BootstrapUtils.createCacheAwareContextLoaderDelegate(BootstrapUtils.java:108) - Instantiating CacheAwareContextLoaderDelegate from class [org.springframework.test.context.cache.DefaultCacheAwareContextLoaderDelegate]
[20230619 11:40:15] DEBUG BootstrapUtils.createBootstrapContext(BootstrapUtils.java:88) - Instantiating BootstrapContext using constructor [public org.springframework.test.context.support.DefaultBootstrapContext(java.lang.Class,org.springframework.test.context.CacheAwareContextLoaderDelegate)]
[20230619 11:40:15] DEBUG BootstrapUtils.resolveTestContextBootstrapper(BootstrapUtils.java:143) - Instantiating TestContextBootstrapper for test class [com.pcwk.ehr.aspectj.AspectJPerformTest] from class [org.springframework.test.context.support.DefaultTestContextBootstrapper]
[20230619 11:40:15] DEBUG AbstractDelegatingSmartContextLoader.delegateProcessing(AbstractDelegatingSmartContextLoader.java:264) - Delegating to GenericXmlContextLoader to process context configuration [ContextConfigurationAttributes@5b619d14 declaringClass = &apos;com.pcwk.ehr.aspectj.AspectJPerformTest&apos;, classes = &apos;{}&apos;, locations = &apos;{/com/pcwk/ehr/aspectj/AspectJ_perform_applicationContext.xml}&apos;, inheritLocations = true, initializers = &apos;{}&apos;, inheritInitializers = true, name = [null], contextLoaderClass = &apos;org.springframework.test.context.ContextLoader&apos;].
[20230619 11:40:15] DEBUG ActiveProfilesUtils.resolveActiveProfiles(ActiveProfilesUtils.java:80) - Could not find an &apos;annotation declaring class&apos; for annotation type [org.springframework.test.context.ActiveProfiles] and class [com.pcwk.ehr.aspectj.AspectJPerformTest]
[20230619 11:40:15] DEBUG AbstractTestContextBootstrapper.getTestExecutionListeners(AbstractTestContextBootstrapper.java:124) - @TestExecutionListeners is not present for class [com.pcwk.ehr.aspectj.AspectJPerformTest]: using defaults.
[20230619 11:40:15] INFO  AbstractTestContextBootstrapper.getDefaultTestExecutionListenerClassNames(AbstractTestContextBootstrapper.java:245) - Loaded default TestExecutionListener class names from location [META-INF/spring.factories]: [org.springframework.test.context.web.ServletTestExecutionListener, org.springframework.test.context.support.DirtiesContextBeforeModesTestExecutionListener, org.springframework.test.context.event.ApplicationEventsTestExecutionListener, org.springframework.test.context.support.DependencyInjectionTestExecutionListener, org.springframework.test.context.support.DirtiesContextTestExecutionListener, org.springframework.test.context.transaction.TransactionalTestExecutionListener, org.springframework.test.context.jdbc.SqlScriptsTestExecutionListener, org.springframework.test.context.event.EventPublishingTestExecutionListener]
[20230619 11:40:15] INFO  AbstractTestContextBootstrapper.getTestExecutionListeners(AbstractTestContextBootstrapper.java:174) - Using TestExecutionListeners: [org.springframework.test.context.web.ServletTestExecutionListener@66746f57, org.springframework.test.context.support.DirtiesContextBeforeModesTestExecutionListener@447a020, org.springframework.test.context.event.ApplicationEventsTestExecutionListener@7f36662c, org.springframework.test.context.support.DependencyInjectionTestExecutionListener@28e8dde3, org.springframework.test.context.support.DirtiesContextTestExecutionListener@6d23017e, org.springframework.test.context.transaction.TransactionalTestExecutionListener@54dcfa5a, org.springframework.test.context.jdbc.SqlScriptsTestExecutionListener@1817f1eb, org.springframework.test.context.event.EventPublishingTestExecutionListener@767e20cf]
[20230619 11:40:15] DEBUG ProfileValueUtils.retrieveProfileValueSource(ProfileValueUtils.java:70) - Retrieved @ProfileValueSourceConfiguration [null] for test class [com.pcwk.ehr.aspectj.AspectJPerformTest]
[20230619 11:40:15] DEBUG ProfileValueUtils.retrieveProfileValueSource(ProfileValueUtils.java:83) - Retrieved ProfileValueSource type [class org.springframework.test.annotation.SystemProfileValueSource] for class [com.pcwk.ehr.aspectj.AspectJPerformTest]
[20230619 11:40:15] DEBUG ProfileValueUtils.retrieveProfileValueSource(ProfileValueUtils.java:70) - Retrieved @ProfileValueSourceConfiguration [null] for test class [com.pcwk.ehr.aspectj.AspectJPerformTest]
[20230619 11:40:15] DEBUG ProfileValueUtils.retrieveProfileValueSource(ProfileValueUtils.java:83) - Retrieved ProfileValueSource type [class org.springframework.test.annotation.SystemProfileValueSource] for class [com.pcwk.ehr.aspectj.AspectJPerformTest]
[20230619 11:40:15] DEBUG ProfileValueUtils.retrieveProfileValueSource(ProfileValueUtils.java:70) - Retrieved @ProfileValueSourceConfiguration [null] for test class [com.pcwk.ehr.aspectj.AspectJPerformTest]
[20230619 11:40:15] DEBUG ProfileValueUtils.retrieveProfileValueSource(ProfileValueUtils.java:83) - Retrieved ProfileValueSource type [class org.springframework.test.annotation.SystemProfileValueSource] for class [com.pcwk.ehr.aspectj.AspectJPerformTest]
[20230619 11:40:15] DEBUG ProfileValueUtils.retrieveProfileValueSource(ProfileValueUtils.java:70) - Retrieved @ProfileValueSourceConfiguration [null] for test class [com.pcwk.ehr.aspectj.AspectJPerformTest]
[20230619 11:40:15] DEBUG ProfileValueUtils.retrieveProfileValueSource(ProfileValueUtils.java:83) - Retrieved ProfileValueSource type [class org.springframework.test.annotation.SystemProfileValueSource] for class [com.pcwk.ehr.aspectj.AspectJPerformTest]
[20230619 11:40:15] DEBUG AbstractDirtiesContextTestExecutionListener.beforeOrAfterTestClass(AbstractDirtiesContextTestExecutionListener.java:143) - Before test class: context [DefaultTestContext@3a3e78f testClass = AspectJPerformTest, testInstance = [null], testMethod = [null], testException = [null], mergedContextConfiguration = [MergedContextConfiguration@301ec38b testClass = AspectJPerformTest, locations = &apos;{classpath:/com/pcwk/ehr/aspectj/AspectJ_perform_applicationContext.xml}&apos;, classes = &apos;{}&apos;, contextInitializerClasses = &apos;[]&apos;, activeProfiles = &apos;{}&apos;, propertySourceLocations = &apos;{}&apos;, propertySourceProperties = &apos;{}&apos;, contextCustomizers = set[[empty]], contextLoader = &apos;org.springframework.test.context.support.DelegatingSmartContextLoader&apos;, parent = [null]], attributes = map[[empty]]], class annotated with @DirtiesContext [false] with mode [null].
[20230619 11:40:15] DEBUG ProfileValueUtils.retrieveProfileValueSource(ProfileValueUtils.java:70) - Retrieved @ProfileValueSourceConfiguration [null] for test class [com.pcwk.ehr.aspectj.AspectJPerformTest]
[20230619 11:40:15] DEBUG ProfileValueUtils.retrieveProfileValueSource(ProfileValueUtils.java:83) - Retrieved ProfileValueSource type [class org.springframework.test.annotation.SystemProfileValueSource] for class [com.pcwk.ehr.aspectj.AspectJPerformTest]
[20230619 11:40:15] DEBUG DependencyInjectionTestExecutionListener.prepareTestInstance(DependencyInjectionTestExecutionListener.java:81) - Performing dependency injection for test context [[DefaultTestContext@3a3e78f testClass = AspectJPerformTest, testInstance = com.pcwk.ehr.aspectj.AspectJPerformTest@17a1e4ca, testMethod = [null], testException = [null], mergedContextConfiguration = [MergedContextConfiguration@301ec38b testClass = AspectJPerformTest, locations = &apos;{classpath:/com/pcwk/ehr/aspectj/AspectJ_perform_applicationContext.xml}&apos;, classes = &apos;{}&apos;, contextInitializerClasses = &apos;[]&apos;, activeProfiles = &apos;{}&apos;, propertySourceLocations = &apos;{}&apos;, propertySourceProperties = &apos;{}&apos;, contextCustomizers = set[[empty]], contextLoader = &apos;org.springframework.test.context.support.DelegatingSmartContextLoader&apos;, parent = [null]], attributes = map[&apos;org.springframework.test.context.event.ApplicationEventsTestExecutionListener.recordApplicationEvents&apos; -&gt; false]]].
[20230619 11:40:15] DEBUG AbstractDelegatingSmartContextLoader.delegateLoading(AbstractDelegatingSmartContextLoader.java:274) - Delegating to GenericXmlContextLoader to load context from [MergedContextConfiguration@301ec38b testClass = AspectJPerformTest, locations = &apos;{classpath:/com/pcwk/ehr/aspectj/AspectJ_perform_applicationContext.xml}&apos;, classes = &apos;{}&apos;, contextInitializerClasses = &apos;[]&apos;, activeProfiles = &apos;{}&apos;, propertySourceLocations = &apos;{}&apos;, propertySourceProperties = &apos;{}&apos;, contextCustomizers = set[[empty]], contextLoader = &apos;org.springframework.test.context.support.DelegatingSmartContextLoader&apos;, parent = [null]].
[20230619 11:40:15] DEBUG AbstractGenericContextLoader.loadContext(AbstractGenericContextLoader.java:107) - Loading ApplicationContext for merged context configuration [[MergedContextConfiguration@301ec38b testClass = AspectJPerformTest, locations = &apos;{classpath:/com/pcwk/ehr/aspectj/AspectJ_perform_applicationContext.xml}&apos;, classes = &apos;{}&apos;, contextInitializerClasses = &apos;[]&apos;, activeProfiles = &apos;{}&apos;, propertySourceLocations = &apos;{}&apos;, propertySourceProperties = &apos;{}&apos;, contextCustomizers = set[[empty]], contextLoader = &apos;org.springframework.test.context.support.DelegatingSmartContextLoader&apos;, parent = [null]]].
[20230619 11:40:15] DEBUG AbstractEnvironment.setActiveProfiles(AbstractEnvironment.java:302) - Activating profiles []
[20230619 11:40:15] DEBUG XmlBeanDefinitionReader.doLoadBeanDefinitions(XmlBeanDefinitionReader.java:393) - Loaded 5 bean definitions from class path resource [com/pcwk/ehr/aspectj/AspectJ_perform_applicationContext.xml]
[20230619 11:40:15] DEBUG AbstractApplicationContext.prepareRefresh(AbstractApplicationContext.java:629) - Refreshing org.springframework.context.support.GenericApplicationContext@10ded6a9
[20230619 11:40:15] DEBUG DefaultSingletonBeanRegistry.getSingleton(DefaultSingletonBeanRegistry.java:225) - Creating shared instance of singleton bean &apos;org.springframework.context.annotation.internalConfigurationAnnotationProcessor&apos;
[20230619 11:40:15] DEBUG DefaultSingletonBeanRegistry.getSingleton(DefaultSingletonBeanRegistry.java:225) - Creating shared instance of singleton bean &apos;org.springframework.context.event.internalEventListenerProcessor&apos;
[20230619 11:40:15] DEBUG DefaultSingletonBeanRegistry.getSingleton(DefaultSingletonBeanRegistry.java:225) - Creating shared instance of singleton bean &apos;org.springframework.context.event.internalEventListenerFactory&apos;
[20230619 11:40:15] DEBUG DefaultSingletonBeanRegistry.getSingleton(DefaultSingletonBeanRegistry.java:225) - Creating shared instance of singleton bean &apos;org.springframework.context.annotation.internalAutowiredAnnotationProcessor&apos;
[20230619 11:40:15] DEBUG DefaultSingletonBeanRegistry.getSingleton(DefaultSingletonBeanRegistry.java:225) - Creating shared instance of singleton bean &apos;org.springframework.context.annotation.internalCommonAnnotationProcessor&apos;
[20230619 11:40:15] DEBUG DefaultSingletonBeanRegistry.getSingleton(DefaultSingletonBeanRegistry.java:225) - Creating shared instance of singleton bean &apos;org.springframework.aop.config.internalAutoProxyCreator&apos;
[20230619 11:40:15] DEBUG DefaultSingletonBeanRegistry.getSingleton(DefaultSingletonBeanRegistry.java:225) - Creating shared instance of singleton bean &apos;memberImpl&apos;
[20230619 11:40:15] DEBUG DefaultSingletonBeanRegistry.getSingleton(DefaultSingletonBeanRegistry.java:225) - Creating shared instance of singleton bean &apos;org.springframework.aop.aspectj.AspectJPointcutAdvisor#0&apos;
[20230619 11:40:15] DEBUG DefaultSingletonBeanRegistry.getSingleton(DefaultSingletonBeanRegistry.java:225) - Creating shared instance of singleton bean &apos;aroundAdvice&apos;
[20230619 11:40:15] DEBUG DefaultCacheAwareContextLoaderDelegate.loadContext(DefaultCacheAwareContextLoaderDelegate.java:92) - Storing ApplicationContext [283039401] in cache under key [[MergedContextConfiguration@301ec38b testClass = AspectJPerformTest, locations = &apos;{classpath:/com/pcwk/ehr/aspectj/AspectJ_perform_applicationContext.xml}&apos;, classes = &apos;{}&apos;, contextInitializerClasses = &apos;[]&apos;, activeProfiles = &apos;{}&apos;, propertySourceLocations = &apos;{}&apos;, propertySourceProperties = &apos;{}&apos;, contextCustomizers = set[[empty]], contextLoader = &apos;org.springframework.test.context.support.DelegatingSmartContextLoader&apos;, parent = [null]]]
[20230619 11:40:15] DEBUG DefaultContextCache.logStatistics(DefaultContextCache.java:290) - Spring test ApplicationContext cache statistics: [DefaultContextCache@12f9af83 size = 4, maxSize = 32, parentContextCount = 0, hitCount = 18, missCount = 4]
[20230619 11:40:15] DEBUG DefaultCacheAwareContextLoaderDelegate.loadContext(DefaultCacheAwareContextLoaderDelegate.java:103) - Retrieved ApplicationContext [283039401] from cache with key [[MergedContextConfiguration@301ec38b testClass = AspectJPerformTest, locations = &apos;{classpath:/com/pcwk/ehr/aspectj/AspectJ_perform_applicationContext.xml}&apos;, classes = &apos;{}&apos;, contextInitializerClasses = &apos;[]&apos;, activeProfiles = &apos;{}&apos;, propertySourceLocations = &apos;{}&apos;, propertySourceProperties = &apos;{}&apos;, contextCustomizers = set[[empty]], contextLoader = &apos;org.springframework.test.context.support.DelegatingSmartContextLoader&apos;, parent = [null]]]
[20230619 11:40:15] DEBUG DefaultContextCache.logStatistics(DefaultContextCache.java:290) - Spring test ApplicationContext cache statistics: [DefaultContextCache@12f9af83 size = 4, maxSize = 32, parentContextCount = 0, hitCount = 19, missCount = 4]
[20230619 11:40:15] DEBUG AbstractDirtiesContextTestExecutionListener.beforeOrAfterTestMethod(AbstractDirtiesContextTestExecutionListener.java:108) - Before test method: context [DefaultTestContext@3a3e78f testClass = AspectJPerformTest, testInstance = com.pcwk.ehr.aspectj.AspectJPerformTest@17a1e4ca, testMethod = aspectBefore@AspectJPerformTest, testException = [null], mergedContextConfiguration = [MergedContextConfiguration@301ec38b testClass = AspectJPerformTest, locations = &apos;{classpath:/com/pcwk/ehr/aspectj/AspectJ_perform_applicationContext.xml}&apos;, classes = &apos;{}&apos;, contextInitializerClasses = &apos;[]&apos;, activeProfiles = &apos;{}&apos;, propertySourceLocations = &apos;{}&apos;, propertySourceProperties = &apos;{}&apos;, contextCustomizers = set[[empty]], contextLoader = &apos;org.springframework.test.context.support.DelegatingSmartContextLoader&apos;, parent = [null]], attributes = map[&apos;org.springframework.test.context.event.ApplicationEventsTestExecutionListener.recordApplicationEvents&apos; -&gt; false]], class annotated with @DirtiesContext [false] with mode [null], method annotated with @DirtiesContext [false] with mode [null].
[20230619 11:40:15] DEBUG DefaultCacheAwareContextLoaderDelegate.loadContext(DefaultCacheAwareContextLoaderDelegate.java:103) - Retrieved ApplicationContext [283039401] from cache with key [[MergedContextConfiguration@301ec38b testClass = AspectJPerformTest, locations = &apos;{classpath:/com/pcwk/ehr/aspectj/AspectJ_perform_applicationContext.xml}&apos;, classes = &apos;{}&apos;, contextInitializerClasses = &apos;[]&apos;, activeProfiles = &apos;{}&apos;, propertySourceLocations = &apos;{}&apos;, propertySourceProperties = &apos;{}&apos;, contextCustomizers = set[[empty]], contextLoader = &apos;org.springframework.test.context.support.DelegatingSmartContextLoader&apos;, parent = [null]]]
[20230619 11:40:15] DEBUG DefaultContextCache.logStatistics(DefaultContextCache.java:290) - Spring test ApplicationContext cache statistics: [DefaultContextCache@12f9af83 size = 4, maxSize = 32, parentContextCount = 0, hitCount = 20, missCount = 4]
����������������������������������������������������������������
��setup                         ��
����������������������������������������������������������������
[20230619 11:40:15] DEBUG DefaultCacheAwareContextLoaderDelegate.loadContext(DefaultCacheAwareContextLoaderDelegate.java:103) - Retrieved ApplicationContext [283039401] from cache with key [[MergedContextConfiguration@301ec38b testClass = AspectJPerformTest, locations = &apos;{classpath:/com/pcwk/ehr/aspectj/AspectJ_perform_applicationContext.xml}&apos;, classes = &apos;{}&apos;, contextInitializerClasses = &apos;[]&apos;, activeProfiles = &apos;{}&apos;, propertySourceLocations = &apos;{}&apos;, propertySourceProperties = &apos;{}&apos;, contextCustomizers = set[[empty]], contextLoader = &apos;org.springframework.test.context.support.DelegatingSmartContextLoader&apos;, parent = [null]]]
[20230619 11:40:15] DEBUG DefaultContextCache.logStatistics(DefaultContextCache.java:290) - Spring test ApplicationContext cache statistics: [DefaultContextCache@12f9af83 size = 4, maxSize = 32, parentContextCount = 0, hitCount = 21, missCount = 4]
[20230619 11:40:15] DEBUG PerformanceAroundAdvice.performanceAdvice(PerformanceAroundAdvice.java:32) - ����������������������������������������������������������������
[20230619 11:40:15] DEBUG PerformanceAroundAdvice.performanceAdvice(PerformanceAroundAdvice.java:33) - ��before �޼ҵ� ������                             ��
����������������������������������������������������������������
��doSave                        ��
����������������������������������������������������������������
[20230619 11:40:16] DEBUG PerformanceAroundAdvice.performanceAdvice(PerformanceAroundAdvice.java:45) - ��className                     ��com.pcwk.ehr.aspectj.MemberImpl
[20230619 11:40:16] DEBUG PerformanceAroundAdvice.performanceAdvice(PerformanceAroundAdvice.java:46) - ��method                        ��doSave
[20230619 11:40:16] DEBUG PerformanceAroundAdvice.performanceAdvice(PerformanceAroundAdvice.java:47) - ������ð�                                                 ��59(ms)��
[20230619 11:40:16] DEBUG PerformanceAroundAdvice.performanceAdvice(PerformanceAroundAdvice.java:48) - ��after  �޼ҵ� ������                             ��
[20230619 11:40:16] DEBUG PerformanceAroundAdvice.performanceAdvice(PerformanceAroundAdvice.java:49) - ����������������������������������������������������������������
[20230619 11:40:16] DEBUG DefaultCacheAwareContextLoaderDelegate.loadContext(DefaultCacheAwareContextLoaderDelegate.java:103) - Retrieved ApplicationContext [283039401] from cache with key [[MergedContextConfiguration@301ec38b testClass = AspectJPerformTest, locations = &apos;{classpath:/com/pcwk/ehr/aspectj/AspectJ_perform_applicationContext.xml}&apos;, classes = &apos;{}&apos;, contextInitializerClasses = &apos;[]&apos;, activeProfiles = &apos;{}&apos;, propertySourceLocations = &apos;{}&apos;, propertySourceProperties = &apos;{}&apos;, contextCustomizers = set[[empty]], contextLoader = &apos;org.springframework.test.context.support.DelegatingSmartContextLoader&apos;, parent = [null]]]
[20230619 11:40:16] DEBUG DefaultContextCache.logStatistics(DefaultContextCache.java:290) - Spring test ApplicationContext cache statistics: [DefaultContextCache@12f9af83 size = 4, maxSize = 32, parentContextCount = 0, hitCount = 22, missCount = 4]
[20230619 11:40:16] DEBUG DefaultCacheAwareContextLoaderDelegate.loadContext(DefaultCacheAwareContextLoaderDelegate.java:103) - Retrieved ApplicationContext [283039401] from cache with key [[MergedContextConfiguration@301ec38b testClass = AspectJPerformTest, locations = &apos;{classpath:/com/pcwk/ehr/aspectj/AspectJ_perform_applicationContext.xml}&apos;, classes = &apos;{}&apos;, contextInitializerClasses = &apos;[]&apos;, activeProfiles = &apos;{}&apos;, propertySourceLocations = &apos;{}&apos;, propertySourceProperties = &apos;{}&apos;, contextCustomizers = set[[empty]], contextLoader = &apos;org.springframework.test.context.support.DelegatingSmartContextLoader&apos;, parent = [null]]]
[20230619 11:40:16] DEBUG DefaultContextCache.logStatistics(DefaultContextCache.java:290) - Spring test ApplicationContext cache statistics: [DefaultContextCache@12f9af83 size = 4, maxSize = 32, parentContextCount = 0, hitCount = 23, missCount = 4]
[20230619 11:40:16] DEBUG AbstractDirtiesContextTestExecutionListener.beforeOrAfterTestMethod(AbstractDirtiesContextTestExecutionListener.java:108) - After test method: context [DefaultTestContext@3a3e78f testClass = AspectJPerformTest, testInstance = com.pcwk.ehr.aspectj.AspectJPerformTest@17a1e4ca, testMethod = aspectBefore@AspectJPerformTest, testException = java.lang.NullPointerException, mergedContextConfiguration = [MergedContextConfiguration@301ec38b testClass = AspectJPerformTest, locations = &apos;{classpath:/com/pcwk/ehr/aspectj/AspectJ_perform_applicationContext.xml}&apos;, classes = &apos;{}&apos;, contextInitializerClasses = &apos;[]&apos;, activeProfiles = &apos;{}&apos;, propertySourceLocations = &apos;{}&apos;, propertySourceProperties = &apos;{}&apos;, contextCustomizers = set[[empty]], contextLoader = &apos;org.springframework.test.context.support.DelegatingSmartContextLoader&apos;, parent = [null]], attributes = map[&apos;org.springframework.test.context.event.ApplicationEventsTestExecutionListener.recordApplicationEvents&apos; -&gt; false]], class annotated with @DirtiesContext [false] with mode [null], method annotated with @DirtiesContext [false] with mode [null].
</system-out>
  </testcase>
  <testcase classname="com.pcwk.ehr.aspectj.AspectJPerformTest" name="beans" time="0.004"/>
</testsuite>